mode: set
github.com/httpsvr/main.go:21.32,26.16 3 1
github.com/httpsvr/main.go:30.2,32.16 2 1
github.com/httpsvr/main.go:36.2,36.16 1 1
github.com/httpsvr/main.go:26.16,28.3 1 0
github.com/httpsvr/main.go:32.16,34.3 1 0
github.com/httpsvr/main.go:40.44,44.40 3 1
github.com/httpsvr/main.go:54.2,56.16 2 1
github.com/httpsvr/main.go:44.40,45.29 1 1
github.com/httpsvr/main.go:45.29,46.31 1 1
github.com/httpsvr/main.go:46.31,48.5 1 1
github.com/httpsvr/main.go:50.8,52.3 1 1
github.com/httpsvr/main.go:59.20,61.2 0 0
github.com/httpsvr/main.go:64.36,69.18 4 1
github.com/httpsvr/main.go:115.2,115.66 1 1
github.com/httpsvr/main.go:119.2,121.16 2 1
github.com/httpsvr/main.go:126.2,130.16 3 1
github.com/httpsvr/main.go:135.2,135.45 1 1
github.com/httpsvr/main.go:140.2,140.13 1 1
github.com/httpsvr/main.go:70.14,74.17 2 1
github.com/httpsvr/main.go:79.3,80.27 2 1
github.com/httpsvr/main.go:88.18,91.22 2 1
github.com/httpsvr/main.go:96.3,96.49 1 1
github.com/httpsvr/main.go:111.10,112.31 1 0
github.com/httpsvr/main.go:74.17,77.4 2 0
github.com/httpsvr/main.go:80.27,83.10 2 1
github.com/httpsvr/main.go:83.10,86.5 2 1
github.com/httpsvr/main.go:91.22,94.4 2 0
github.com/httpsvr/main.go:96.49,99.34 2 1
github.com/httpsvr/main.go:99.34,102.11 2 1
github.com/httpsvr/main.go:102.11,106.6 3 1
github.com/httpsvr/main.go:108.9,110.4 1 0
github.com/httpsvr/main.go:115.66,117.3 1 1
github.com/httpsvr/main.go:121.16,124.3 2 0
github.com/httpsvr/main.go:130.16,133.3 2 0
github.com/httpsvr/main.go:135.45,138.3 2 0
github.com/httpsvr/main.go:144.32,150.16 4 1
github.com/httpsvr/main.go:155.2,159.26 4 1
github.com/httpsvr/main.go:169.2,171.16 2 1
github.com/httpsvr/main.go:176.2,176.45 1 1
github.com/httpsvr/main.go:181.2,181.13 1 1
github.com/httpsvr/main.go:150.16,153.3 2 0
github.com/httpsvr/main.go:159.26,162.9 2 1
github.com/httpsvr/main.go:166.3,166.17 1 1
github.com/httpsvr/main.go:162.9,165.4 1 1
github.com/httpsvr/main.go:171.16,174.3 2 0
github.com/httpsvr/main.go:176.45,179.3 2 0
github.com/httpsvr/main.go:184.52,186.18 1 1
github.com/httpsvr/main.go:188.13,191.21 2 1
github.com/httpsvr/main.go:203.14,204.100 1 1
github.com/httpsvr/main.go:231.3,231.34 1 1
github.com/httpsvr/main.go:232.13,235.17 2 0
github.com/httpsvr/main.go:242.16,243.29 1 0
github.com/httpsvr/main.go:258.10,259.35 1 0
github.com/httpsvr/main.go:191.21,194.4 2 0
github.com/httpsvr/main.go:194.9,197.18 2 1
github.com/httpsvr/main.go:197.18,200.5 2 0
github.com/httpsvr/main.go:204.100,208.22 3 1
github.com/httpsvr/main.go:208.22,211.5 2 0
github.com/httpsvr/main.go:211.10,214.19 2 1
github.com/httpsvr/main.go:214.19,217.6 2 0
github.com/httpsvr/main.go:219.9,219.64 1 0
github.com/httpsvr/main.go:219.64,222.18 2 0
github.com/httpsvr/main.go:222.18,225.5 2 0
github.com/httpsvr/main.go:225.10,227.5 1 0
github.com/httpsvr/main.go:228.9,230.4 1 0
github.com/httpsvr/main.go:235.17,238.4 2 0
github.com/httpsvr/main.go:238.9,240.4 1 0
github.com/httpsvr/main.go:243.29,245.4 1 0
github.com/httpsvr/main.go:245.9,245.64 1 0
github.com/httpsvr/main.go:245.64,248.18 2 0
github.com/httpsvr/main.go:248.18,251.5 2 0
github.com/httpsvr/main.go:251.10,253.5 1 0
github.com/httpsvr/main.go:254.9,256.4 1 0
github.com/httpsvr/main.go:264.13,271.16 3 0
github.com/httpsvr/main.go:271.16,273.3 1 0
