mode: set
github.com/bkpeh/httpsvr/web/httpserver.go:23.26,25.2 1 1
github.com/bkpeh/httpsvr/web/httpserver.go:28.32,33.16 3 1
github.com/bkpeh/httpsvr/web/httpserver.go:37.2,39.16 2 1
github.com/bkpeh/httpsvr/web/httpserver.go:43.2,43.16 1 1
github.com/bkpeh/httpsvr/web/httpserver.go:33.16,35.3 1 0
github.com/bkpeh/httpsvr/web/httpserver.go:39.16,41.3 1 0
github.com/bkpeh/httpsvr/web/httpserver.go:47.44,51.40 3 1
github.com/bkpeh/httpsvr/web/httpserver.go:61.2,62.16 2 1
github.com/bkpeh/httpsvr/web/httpserver.go:51.40,52.29 1 1
github.com/bkpeh/httpsvr/web/httpserver.go:52.29,53.31 1 1
github.com/bkpeh/httpsvr/web/httpserver.go:53.31,55.5 1 1
github.com/bkpeh/httpsvr/web/httpserver.go:57.8,59.3 1 1
github.com/bkpeh/httpsvr/web/httpserver.go:65.20,67.2 0 0
github.com/bkpeh/httpsvr/web/httpserver.go:70.36,75.18 4 1
github.com/bkpeh/httpsvr/web/httpserver.go:122.2,122.66 1 1
github.com/bkpeh/httpsvr/web/httpserver.go:126.2,128.16 2 1
github.com/bkpeh/httpsvr/web/httpserver.go:133.2,137.16 3 1
github.com/bkpeh/httpsvr/web/httpserver.go:142.2,142.45 1 1
github.com/bkpeh/httpsvr/web/httpserver.go:147.2,147.13 1 1
github.com/bkpeh/httpsvr/web/httpserver.go:76.14,80.17 2 1
github.com/bkpeh/httpsvr/web/httpserver.go:85.3,86.27 2 1
github.com/bkpeh/httpsvr/web/httpserver.go:95.18,98.22 2 1
github.com/bkpeh/httpsvr/web/httpserver.go:103.3,103.49 1 1
github.com/bkpeh/httpsvr/web/httpserver.go:118.10,119.31 1 0
github.com/bkpeh/httpsvr/web/httpserver.go:80.17,83.4 2 0
github.com/bkpeh/httpsvr/web/httpserver.go:86.27,89.10 2 1
github.com/bkpeh/httpsvr/web/httpserver.go:89.10,93.5 3 1
github.com/bkpeh/httpsvr/web/httpserver.go:98.22,101.4 2 0
github.com/bkpeh/httpsvr/web/httpserver.go:103.49,106.34 2 1
github.com/bkpeh/httpsvr/web/httpserver.go:106.34,109.11 2 1
github.com/bkpeh/httpsvr/web/httpserver.go:109.11,113.6 3 1
github.com/bkpeh/httpsvr/web/httpserver.go:115.9,117.4 1 0
github.com/bkpeh/httpsvr/web/httpserver.go:122.66,124.3 1 1
github.com/bkpeh/httpsvr/web/httpserver.go:128.16,131.3 2 0
github.com/bkpeh/httpsvr/web/httpserver.go:137.16,140.3 2 0
github.com/bkpeh/httpsvr/web/httpserver.go:142.45,145.3 2 0
github.com/bkpeh/httpsvr/web/httpserver.go:151.32,157.16 4 1
github.com/bkpeh/httpsvr/web/httpserver.go:162.2,166.26 4 1
github.com/bkpeh/httpsvr/web/httpserver.go:176.2,178.16 2 1
github.com/bkpeh/httpsvr/web/httpserver.go:183.2,183.45 1 1
github.com/bkpeh/httpsvr/web/httpserver.go:188.2,188.13 1 1
github.com/bkpeh/httpsvr/web/httpserver.go:157.16,160.3 2 0
github.com/bkpeh/httpsvr/web/httpserver.go:166.26,169.9 2 1
github.com/bkpeh/httpsvr/web/httpserver.go:173.3,173.17 1 1
github.com/bkpeh/httpsvr/web/httpserver.go:169.9,172.4 1 1
github.com/bkpeh/httpsvr/web/httpserver.go:178.16,181.3 2 0
github.com/bkpeh/httpsvr/web/httpserver.go:183.45,186.3 2 0
github.com/bkpeh/httpsvr/web/httpserver.go:192.52,194.18 1 1
github.com/bkpeh/httpsvr/web/httpserver.go:196.13,199.21 2 1
github.com/bkpeh/httpsvr/web/httpserver.go:211.14,212.100 1 1
github.com/bkpeh/httpsvr/web/httpserver.go:239.3,239.43 1 1
github.com/bkpeh/httpsvr/web/httpserver.go:240.13,243.17 2 0
github.com/bkpeh/httpsvr/web/httpserver.go:250.16,251.29 1 0
github.com/bkpeh/httpsvr/web/httpserver.go:266.10,267.44 1 0
github.com/bkpeh/httpsvr/web/httpserver.go:199.21,202.4 2 0
github.com/bkpeh/httpsvr/web/httpserver.go:202.9,205.18 2 1
github.com/bkpeh/httpsvr/web/httpserver.go:205.18,208.5 2 0
github.com/bkpeh/httpsvr/web/httpserver.go:212.100,216.22 3 1
github.com/bkpeh/httpsvr/web/httpserver.go:216.22,219.5 2 0
github.com/bkpeh/httpsvr/web/httpserver.go:219.10,222.19 2 1
github.com/bkpeh/httpsvr/web/httpserver.go:222.19,225.6 2 0
github.com/bkpeh/httpsvr/web/httpserver.go:227.9,227.64 1 0
github.com/bkpeh/httpsvr/web/httpserver.go:227.64,230.18 2 0
github.com/bkpeh/httpsvr/web/httpserver.go:230.18,233.5 2 0
github.com/bkpeh/httpsvr/web/httpserver.go:233.10,235.5 1 0
github.com/bkpeh/httpsvr/web/httpserver.go:236.9,238.4 1 0
github.com/bkpeh/httpsvr/web/httpserver.go:243.17,246.4 2 0
github.com/bkpeh/httpsvr/web/httpserver.go:246.9,248.4 1 0
github.com/bkpeh/httpsvr/web/httpserver.go:251.29,253.4 1 0
github.com/bkpeh/httpsvr/web/httpserver.go:253.9,253.64 1 0
github.com/bkpeh/httpsvr/web/httpserver.go:253.64,256.18 2 0
github.com/bkpeh/httpsvr/web/httpserver.go:256.18,259.5 2 0
github.com/bkpeh/httpsvr/web/httpserver.go:259.10,261.5 1 0
github.com/bkpeh/httpsvr/web/httpserver.go:262.9,264.4 1 0
